<?xml version="1.0" encoding="UTF-8"?>
<testsuite name="updateCalculationInfo" tests="7" skipped="0" failures="0" errors="0" timestamp="2026-06-30T15:48:13" hostname="ALBERTO" time="0.094">
  <properties/>
  <testcase name="deve lançar IllegalArgumentException quando o id estiver nulo" classname="br.com.actionlabs.carboncalc.service.CalculationServiceTest$UpdateCalculationInfo" time="0.007"/>
  <testcase name="deve lançar IllegalArgumentException quando o id estiver em branco" classname="br.com.actionlabs.carboncalc.service.CalculationServiceTest$UpdateCalculationInfo" time="0.008"/>
  <testcase name="deve limpar dados de transporte quando a lista vier vazia" classname="br.com.actionlabs.carboncalc.service.CalculationServiceTest$UpdateCalculationInfo" time="0.025"/>
  <testcase name="deve atualizar dados, calcular o total e salvar quando houver transporte informado" classname="br.com.actionlabs.carboncalc.service.CalculationServiceTest$UpdateCalculationInfo" time="0.012"/>
  <testcase name="deve limpar dados de transporte quando a lista vier nula" classname="br.com.actionlabs.carboncalc.service.CalculationServiceTest$UpdateCalculationInfo" time="0.006"/>
  <testcase name="deve lançar CalculationNotFoundException quando o cálculo não existir" classname="br.com.actionlabs.carboncalc.service.CalculationServiceTest$UpdateCalculationInfo" time="0.012"/>
  <testcase name="deve usar apenas o primeiro item de transporte quando houver mais de um" classname="br.com.actionlabs.carboncalc.service.CalculationServiceTest$UpdateCalculationInfo" time="0.008"/>
  <system-out><![CDATA[]]></system-out>
  <system-err><![CDATA[]]></system-err>
</testsuite>
